Tue Apr  1 17:06:23 UTC 2025
Tue Apr  1 17:06:37 UTC 2025
Wed Apr  2 13:18:52 UTC 2025
Thu Apr  3 13:17:50 UTC 2025
Fri Apr  4 13:16:50 UTC 2025
Sat Apr  5 13:01:36 UTC 2025
Sun Apr  6 13:01:51 UTC 2025
Mon Apr  7 13:19:38 UTC 2025
Tue Apr  8 13:19:44 UTC 2025
Wed Apr  9 13:20:00 UTC 2025
Thu Apr 10 13:19:09 UTC 2025
Fri Apr 11 13:17:32 UTC 2025
Sat Apr 12 13:01:48 UTC 2025
Sun Apr 13 13:03:13 UTC 2025
Mon Apr 14 13:35:33 UTC 2025
Tue Apr 15 13:19:56 UTC 2025
Wed Apr 16 13:19:49 UTC 2025
Thu Apr 17 13:18:15 UTC 2025
Fri Apr 18 13:14:49 UTC 2025
Sat Apr 19 13:02:08 UTC 2025
Sun Apr 20 13:04:59 UTC 2025
Mon Apr 21 13:16:49 UTC 2025
Tue Apr 22 13:19:39 UTC 2025
